<?xml version="1.0" encoding="utf-8"?>
<TestRun id="294ec0ec-e77b-4d30-8d5d-41679b5f8b3e" name="@fedora 2021-07-17 14:21:30" xmlns="http://microsoft.com/schemas/VisualStudio/TeamTest/2010">
  <Times creation="2021-07-17T14:21:30.0952779+01:00" queuing="2021-07-17T14:21:30.0952781+01:00" start="2021-07-17T14:21:28.9931260+01:00" finish="2021-07-17T14:21:30.1071574+01:00" />
  <TestSettings name="default" id="5bda2e8e-60e1-4c7f-abc2-d344106ceed5">
    <Deployment runDeploymentRoot="_fedora_2021-07-17_14_21_30" />
  </TestSettings>
  <Results>
    <UnitTestResult executionId="4ccd8866-d35b-445d-8e50-1cf97783f16d" testId="c72010ce-8e75-13b9-a60b-a6c95b3b30b0" testName="Tyrannoport.Tests.TyrannoportTests.ReportWithInvalidPathsThrows" computerName="fedora" duration="00:00:00.0009933" startTime="2021-07-17T14:21:29.8880577+01:00" endTime="2021-07-17T14:21:29.8880580+01:00" testType="13cdc9d9-ddb5-4fa4-a97d-d965ccfc6d4b" outcome="Passed" testListId="8c84fa94-04c1-424b-9868-57a2d4851a1d" relativeResultsDirectory="4ccd8866-d35b-445d-8e50-1cf97783f16d" />
    <UnitTestResult executionId="f2748379-cf04-4c73-978a-c482d2449eb9" testId="68611b5e-566e-d267-8e6e-1e5bbb50a51a" testName="Tyrannoport.Tests.StuffTests.SkippedTests" computerName="fedora" duration="00:00:00.0010000" startTime="2021-07-17T14:21:29.8728225+01:00" endTime="2021-07-17T14:21:29.8728899+01:00" testType="13cdc9d9-ddb5-4fa4-a97d-d965ccfc6d4b" outcome="NotExecuted" testListId="8c84fa94-04c1-424b-9868-57a2d4851a1d" relativeResultsDirectory="f2748379-cf04-4c73-978a-c482d2449eb9">
      <Output>
        <StdOut>an example</StdOut>
      </Output>
    </UnitTestResult>
    <UnitTestResult executionId="9c298653-6925-4792-baf5-55bcaaf17631" testId="dda156da-1249-222b-b55a-b2b01e4a15d8" testName="Tyrannoport.Tests.StuffTests.IThrow" computerName="fedora" duration="00:00:00.0019973" startTime="2021-07-17T14:21:29.8996141+01:00" endTime="2021-07-17T14:21:29.8996151+01:00" testType="13cdc9d9-ddb5-4fa4-a97d-d965ccfc6d4b" outcome="Failed" testListId="8c84fa94-04c1-424b-9868-57a2d4851a1d" relativeResultsDirectory="9c298653-6925-4792-baf5-55bcaaf17631">
      <Output>
        <ErrorInfo>
          <Message>System.Exception : test failure</Message>
          <StackTrace>   at Tyrannoport.Tests.StuffTests.IThrow() in /home/will/Repositories/Tyrannoport/test/Tyrannoport.Tests/StuffTests.cs:line 10</StackTrace>
        </ErrorInfo>
      </Output>
    </UnitTestResult>
    <UnitTestResult executionId="fb07f075-215f-4d1e-b423-af20a93e5341" testId="4c8671de-b19b-746d-e0aa-614b11214437" testName="Tyrannoport.Tests.ReportContextTests.ExposesTestTimingsWithDeltas" computerName="fedora" duration="00:00:00.0112455" startTime="2021-07-17T14:21:29.8919823+01:00" endTime="2021-07-17T14:21:29.8919839+01:00" testType="13cdc9d9-ddb5-4fa4-a97d-d965ccfc6d4b" outcome="Passed" testListId="8c84fa94-04c1-424b-9868-57a2d4851a1d" relativeResultsDirectory="fb07f075-215f-4d1e-b423-af20a93e5341" />
    <UnitTestResult executionId="a9f44fde-4f48-4dbb-9de8-e078e2019424" testId="7912839e-519d-3eb4-0519-e4b8327d4267" testName="Tyrannoport.Tests.TyrannoportTests.ReportWithoutTestsThrows" computerName="fedora" duration="00:00:00.0048856" startTime="2021-07-17T14:21:29.8877276+01:00" endTime="2021-07-17T14:21:29.8877284+01:00" testType="13cdc9d9-ddb5-4fa4-a97d-d965ccfc6d4b" outcome="Passed" testListId="8c84fa94-04c1-424b-9868-57a2d4851a1d" relativeResultsDirectory="a9f44fde-4f48-4dbb-9de8-e078e2019424" />
    <UnitTestResult executionId="f9783b0b-e286-483b-926e-48df02f57125" testId="db85c8fc-c5db-3e29-735c-a7735b54af40" testName="Tyrannoport.Tests.AssemblyTemplateRepositoryTests.LoadKnownTemplatesSucceeds(name: &quot;overview&quot;)" computerName="fedora" duration="00:00:00.1003966" startTime="2021-07-17T14:21:29.9821824+01:00" endTime="2021-07-17T14:21:29.9821833+01:00" testType="13cdc9d9-ddb5-4fa4-a97d-d965ccfc6d4b" outcome="Passed" testListId="8c84fa94-04c1-424b-9868-57a2d4851a1d" relativeResultsDirectory="f9783b0b-e286-483b-926e-48df02f57125" />
    <UnitTestResult executionId="4e8d7167-c86c-4f4e-8637-a5930d057fee" testId="4d5f6a3c-f815-a254-78d5-b1e4f9c43225" testName="Tyrannoport.Tests.AssemblyTemplateRepositoryTests.LoadWithInvalidTemplateNameThrowsException" computerName="fedora" duration="00:00:00.0021602" startTime="2021-07-17T14:21:29.9844017+01:00" endTime="2021-07-17T14:21:29.9844020+01:00" testType="13cdc9d9-ddb5-4fa4-a97d-d965ccfc6d4b" outcome="Passed" testListId="8c84fa94-04c1-424b-9868-57a2d4851a1d" relativeResultsDirectory="4e8d7167-c86c-4f4e-8637-a5930d057fee" />
    <UnitTestResult executionId="023a92b2-e7d8-437a-a61a-a8ecdf39861f" testId="9e77e514-2c38-7b2a-e957-10b03d3fc455" testName="Tyrannoport.Tests.ReportContextTests.RunSummaryhasCorrectCounts" computerName="fedora" duration="00:00:00.0064214" startTime="2021-07-17T14:21:29.9014576+01:00" endTime="2021-07-17T14:21:29.9014587+01:00" testType="13cdc9d9-ddb5-4fa4-a97d-d965ccfc6d4b" outcome="Failed" testListId="8c84fa94-04c1-424b-9868-57a2d4851a1d" relativeResultsDirectory="023a92b2-e7d8-437a-a61a-a8ecdf39861f">
      <Output>
        <ErrorInfo>
          <Message>Assert.Equal() Failure
Expected: 11.22 (rounded from 11.22)
Actual:   22.22 (rounded from 22.22222222222222)</Message>
          <StackTrace>   at Tyrannoport.Tests.ReportContextTests.RunSummaryhasCorrectCounts() in /home/will/Repositories/Tyrannoport/test/Tyrannoport.Tests/ReportContextTests.cs:line 82</StackTrace>
        </ErrorInfo>
      </Output>
    </UnitTestResult>
    <UnitTestResult executionId="d123a6ab-122d-448d-ba28-29bb4188d243" testId="a77e55dc-f8d6-3bd2-aaaf-adb5aac0cea6" testName="Tyrannoport.Tests.TrxReaderTests.ReadExampleFixtures(path: &quot;fixture_data/SimpleExample.trx&quot;)" computerName="fedora" duration="00:00:00.0714030" startTime="2021-07-17T14:21:29.9531802+01:00" endTime="2021-07-17T14:21:29.9531812+01:00" testType="13cdc9d9-ddb5-4fa4-a97d-d965ccfc6d4b" outcome="Passed" testListId="8c84fa94-04c1-424b-9868-57a2d4851a1d" relativeResultsDirectory="d123a6ab-122d-448d-ba28-29bb4188d243" />
  </Results>
  <TestDefinitions>
    <UnitTest name="Tyrannoport.Tests.TyrannoportTests.ReportWithoutTestsThrows" storage="/home/will/repositories/Tyrannoport/test/Tyrannoport.tests/bin/release/net5.0/Tyrannoport.tests.dll" id="7912839e-519d-3eb4-0519-e4b8327d4267">
      <Execution id="a9f44fde-4f48-4dbb-9de8-e078e2019424" />
      <TestMethod codeBase="/home/will/Repositories/Tyrannoport/test/Tyrannoport.Tests/bin/Release/net5.0/Tyrannoport.Tests.dll" adapterTypeName="executor://xunit/VsTestRunner2/netcoreapp" className="Tyrannoport.Tests.TyrannoportTests" name="ReportWithoutTestsThrows" />
    </UnitTest>
    <UnitTest name="Tyrannoport.Tests.StuffTests.IThrow" storage="/home/will/repositories/Tyrannoport/test/Tyrannoport.tests/bin/release/net5.0/Tyrannoport.tests.dll" id="dda156da-1249-222b-b55a-b2b01e4a15d8">
      <Execution id="9c298653-6925-4792-baf5-55bcaaf17631" />
      <TestMethod codeBase="/home/will/Repositories/Tyrannoport/test/Tyrannoport.Tests/bin/Release/net5.0/Tyrannoport.Tests.dll" adapterTypeName="executor://xunit/VsTestRunner2/netcoreapp" className="Tyrannoport.Tests.StuffTests" name="IThrow" />
    </UnitTest>
    <UnitTest name="Tyrannoport.Tests.ReportContextTests.RunSummaryhasCorrectCounts" storage="/home/will/repositories/Tyrannoport/test/Tyrannoport.tests/bin/release/net5.0/Tyrannoport.tests.dll" id="9e77e514-2c38-7b2a-e957-10b03d3fc455">
      <Execution id="023a92b2-e7d8-437a-a61a-a8ecdf39861f" />
      <TestMethod codeBase="/home/will/Repositories/Tyrannoport/test/Tyrannoport.Tests/bin/Release/net5.0/Tyrannoport.Tests.dll" adapterTypeName="executor://xunit/VsTestRunner2/netcoreapp" className="Tyrannoport.Tests.ReportContextTests" name="RunSummaryhasCorrectCounts" />
    </UnitTest>
    <UnitTest name="Tyrannoport.Tests.TyrannoportTests.ReportWithInvalidPathsThrows" storage="/home/will/repositories/Tyrannoport/test/Tyrannoport.tests/bin/release/net5.0/Tyrannoport.tests.dll" id="c72010ce-8e75-13b9-a60b-a6c95b3b30b0">
      <Execution id="4ccd8866-d35b-445d-8e50-1cf97783f16d" />
      <TestMethod codeBase="/home/will/Repositories/Tyrannoport/test/Tyrannoport.Tests/bin/Release/net5.0/Tyrannoport.Tests.dll" adapterTypeName="executor://xunit/VsTestRunner2/netcoreapp" className="Tyrannoport.Tests.TyrannoportTests" name="ReportWithInvalidPathsThrows" />
    </UnitTest>
    <UnitTest name="Tyrannoport.Tests.TrxReaderTests.ReadExampleFixtures(path: &quot;fixture_data/SimpleExample.trx&quot;)" storage="/home/will/repositories/Tyrannoport/test/Tyrannoport.tests/bin/release/net5.0/Tyrannoport.tests.dll" id="a77e55dc-f8d6-3bd2-aaaf-adb5aac0cea6">
      <Execution id="d123a6ab-122d-448d-ba28-29bb4188d243" />
      <TestMethod codeBase="/home/will/Repositories/Tyrannoport/test/Tyrannoport.Tests/bin/Release/net5.0/Tyrannoport.Tests.dll" adapterTypeName="executor://xunit/VsTestRunner2/netcoreapp" className="Tyrannoport.Tests.TrxReaderTests" name="ReadExampleFixtures" />
    </UnitTest>
    <UnitTest name="Tyrannoport.Tests.ReportContextTests.ExposesTestTimingsWithDeltas" storage="/home/will/repositories/Tyrannoport/test/Tyrannoport.tests/bin/release/net5.0/Tyrannoport.tests.dll" id="4c8671de-b19b-746d-e0aa-614b11214437">
      <Execution id="fb07f075-215f-4d1e-b423-af20a93e5341" />
      <TestMethod codeBase="/home/will/Repositories/Tyrannoport/test/Tyrannoport.Tests/bin/Release/net5.0/Tyrannoport.Tests.dll" adapterTypeName="executor://xunit/VsTestRunner2/netcoreapp" className="Tyrannoport.Tests.ReportContextTests" name="ExposesTestTimingsWithDeltas" />
    </UnitTest>
    <UnitTest name="Tyrannoport.Tests.StuffTests.SkippedTests" storage="/home/will/repositories/Tyrannoport/test/Tyrannoport.tests/bin/release/net5.0/Tyrannoport.tests.dll" id="68611b5e-566e-d267-8e6e-1e5bbb50a51a">
      <Execution id="f2748379-cf04-4c73-978a-c482d2449eb9" />
      <TestMethod codeBase="/home/will/Repositories/Tyrannoport/test/Tyrannoport.Tests/bin/Release/net5.0/Tyrannoport.Tests.dll" adapterTypeName="executor://xunit/VsTestRunner2/netcoreapp" className="Tyrannoport.Tests.StuffTests" name="SkippedTests" />
    </UnitTest>
    <UnitTest name="Tyrannoport.Tests.AssemblyTemplateRepositoryTests.LoadWithInvalidTemplateNameThrowsException" storage="/home/will/repositories/Tyrannoport/test/Tyrannoport.tests/bin/release/net5.0/Tyrannoport.tests.dll" id="4d5f6a3c-f815-a254-78d5-b1e4f9c43225">
      <Execution id="4e8d7167-c86c-4f4e-8637-a5930d057fee" />
      <TestMethod codeBase="/home/will/Repositories/Tyrannoport/test/Tyrannoport.Tests/bin/Release/net5.0/Tyrannoport.Tests.dll" adapterTypeName="executor://xunit/VsTestRunner2/netcoreapp" className="Tyrannoport.Tests.AssemblyTemplateRepositoryTests" name="LoadWithInvalidTemplateNameThrowsException" />
    </UnitTest>
    <UnitTest name="Tyrannoport.Tests.AssemblyTemplateRepositoryTests.LoadKnownTemplatesSucceeds(name: &quot;overview&quot;)" storage="/home/will/repositories/Tyrannoport/test/Tyrannoport.tests/bin/release/net5.0/Tyrannoport.tests.dll" id="db85c8fc-c5db-3e29-735c-a7735b54af40">
      <Execution id="f9783b0b-e286-483b-926e-48df02f57125" />
      <TestMethod codeBase="/home/will/Repositories/Tyrannoport/test/Tyrannoport.Tests/bin/Release/net5.0/Tyrannoport.Tests.dll" adapterTypeName="executor://xunit/VsTestRunner2/netcoreapp" className="Tyrannoport.Tests.AssemblyTemplateRepositoryTests" name="LoadKnownTemplatesSucceeds" />
    </UnitTest>
  </TestDefinitions>
  <TestEntries>
    <TestEntry testId="c72010ce-8e75-13b9-a60b-a6c95b3b30b0" executionId="4ccd8866-d35b-445d-8e50-1cf97783f16d" testListId="8c84fa94-04c1-424b-9868-57a2d4851a1d" />
    <TestEntry testId="68611b5e-566e-d267-8e6e-1e5bbb50a51a" executionId="f2748379-cf04-4c73-978a-c482d2449eb9" testListId="8c84fa94-04c1-424b-9868-57a2d4851a1d" />
    <TestEntry testId="dda156da-1249-222b-b55a-b2b01e4a15d8" executionId="9c298653-6925-4792-baf5-55bcaaf17631" testListId="8c84fa94-04c1-424b-9868-57a2d4851a1d" />
    <TestEntry testId="4c8671de-b19b-746d-e0aa-614b11214437" executionId="fb07f075-215f-4d1e-b423-af20a93e5341" testListId="8c84fa94-04c1-424b-9868-57a2d4851a1d" />
    <TestEntry testId="7912839e-519d-3eb4-0519-e4b8327d4267" executionId="a9f44fde-4f48-4dbb-9de8-e078e2019424" testListId="8c84fa94-04c1-424b-9868-57a2d4851a1d" />
    <TestEntry testId="db85c8fc-c5db-3e29-735c-a7735b54af40" executionId="f9783b0b-e286-483b-926e-48df02f57125" testListId="8c84fa94-04c1-424b-9868-57a2d4851a1d" />
    <TestEntry testId="4d5f6a3c-f815-a254-78d5-b1e4f9c43225" executionId="4e8d7167-c86c-4f4e-8637-a5930d057fee" testListId="8c84fa94-04c1-424b-9868-57a2d4851a1d" />
    <TestEntry testId="9e77e514-2c38-7b2a-e957-10b03d3fc455" executionId="023a92b2-e7d8-437a-a61a-a8ecdf39861f" testListId="8c84fa94-04c1-424b-9868-57a2d4851a1d" />
    <TestEntry testId="a77e55dc-f8d6-3bd2-aaaf-adb5aac0cea6" executionId="d123a6ab-122d-448d-ba28-29bb4188d243" testListId="8c84fa94-04c1-424b-9868-57a2d4851a1d" />
  </TestEntries>
  <TestLists>
    <TestList name="Results Not in a List" id="8c84fa94-04c1-424b-9868-57a2d4851a1d" />
    <TestList name="All Loaded Results" id="19431567-8539-422a-85d7-44ee4e166bda" />
  </TestLists>
  <ResultSummary outcome="Failed">
    <Counters total="9" executed="8" passed="6" failed="2" error="0" timeout="0" aborted="0" inconclusive="0" passedButRunAborted="0" notRunnable="0" notExecuted="0" disconnected="0" warning="0" completed="0" inProgress="0" pending="0" />
    <Output>
      <StdOut>[xUnit.net 00:00:00.00] xUnit.net VSTest Adapter v2.4.3+1b45f5407b (64-bit .NET 5.0.7)
[xUnit.net 00:00:00.31]   Discovering: Tyrannoport.Tests
[xUnit.net 00:00:00.39]   Discovered:  Tyrannoport.Tests
[xUnit.net 00:00:00.39]   Starting:    Tyrannoport.Tests
[xUnit.net 00:00:00.44]       an example
[xUnit.net 00:00:00.47]       System.Exception : test failure
[xUnit.net 00:00:00.47]       Stack Trace:
[xUnit.net 00:00:00.47]         /home/will/Repositories/Tyrannoport/test/Tyrannoport.Tests/StuffTests.cs(10,0): at Tyrannoport.Tests.StuffTests.IThrow()
[xUnit.net 00:00:00.47]       Assert.Equal() Failure
[xUnit.net 00:00:00.47]       Expected: 11.22 (rounded from 11.22)
[xUnit.net 00:00:00.47]       Actual:   22.22 (rounded from 22.22222222222222)
[xUnit.net 00:00:00.47]       Stack Trace:
[xUnit.net 00:00:00.47]         /home/will/Repositories/Tyrannoport/test/Tyrannoport.Tests/ReportContextTests.cs(82,0): at Tyrannoport.Tests.ReportContextTests.RunSummaryhasCorrectCounts()
[xUnit.net 00:00:00.56]   Finished:    Tyrannoport.Tests
Test 'Tyrannoport.Tests.StuffTests.SkippedTests' was skipped in the test run.
</StdOut>
    </Output>
    <RunInfos>
      <RunInfo computerName="fedora" outcome="Warning" timestamp="2021-07-17T14:21:29.8721511+01:00">
        <Text>[xUnit.net 00:00:00.44]     Tyrannoport.Tests.StuffTests.SkippedTests [SKIP]</Text>
      </RunInfo>
      <RunInfo computerName="fedora" outcome="Error" timestamp="2021-07-17T14:21:29.8969769+01:00">
        <Text>[xUnit.net 00:00:00.47]     Tyrannoport.Tests.StuffTests.IThrow [FAIL]</Text>
      </RunInfo>
      <RunInfo computerName="fedora" outcome="Error" timestamp="2021-07-17T14:21:29.9013274+01:00">
        <Text>[xUnit.net 00:00:00.47]     Tyrannoport.Tests.ReportContextTests.RunSummaryhasCorrectCounts [FAIL]</Text>
      </RunInfo>
    </RunInfos>
  </ResultSummary>
</TestRun>