<?xml version="1.0" encoding="utf-8"?>
<TestRun id="bf7b7489-182a-4ab0-93f9-2315dea5b7b5" name="@fedora 2021-07-15 18:47:19" xmlns="http://microsoft.com/schemas/VisualStudio/TeamTest/2010">
  <Times creation="2021-07-15T18:47:19.5612408+01:00" queuing="2021-07-15T18:47:19.5612409+01:00" start="2021-07-15T18:47:18.5970852+01:00" finish="2021-07-15T18:47:19.5688108+01:00" />
  <TestSettings name="default" id="edbd58ab-ced3-47f7-8e0e-dc0a810c4bbf">
    <Deployment runDeploymentRoot="_fedora_2021-07-15_18_47_19" />
  </TestSettings>
  <Results>
    <UnitTestResult executionId="25677375-d919-467a-b231-d25c56cb53bf" testId="840b99e7-6a8c-d4d6-13a1-dd76729c8e95" testName="Tyrannoport.Tests.UnitTest1.Test1" computerName="fedora" duration="00:00:00.0075530" startTime="2021-07-15T18:47:19.4589997+01:00" endTime="2021-07-15T18:47:19.4590002+01:00" testType="13cdc9d9-ddb5-4fa4-a97d-d965ccfc6d4b" outcome="Passed" testListId="8c84fa94-04c1-424b-9868-57a2d4851a1d" relativeResultsDirectory="25677375-d919-467a-b231-d25c56cb53bf" />
    <UnitTestResult executionId="1716011d-1d8c-4457-afce-5f413736491a" testId="2051dd96-f3a8-e686-e9c2-6471b9e8e1f4" testName="Tyrannoport.Tests.UnitTest1.TesFailtName" computerName="fedora" duration="00:00:00.0052063" startTime="2021-07-15T18:47:19.4523518+01:00" endTime="2021-07-15T18:47:19.4524376+01:00" testType="13cdc9d9-ddb5-4fa4-a97d-d965ccfc6d4b" outcome="Failed" testListId="8c84fa94-04c1-424b-9868-57a2d4851a1d" relativeResultsDirectory="1716011d-1d8c-4457-afce-5f413736491a">
      <Output>
        <ErrorInfo>
          <Message>Assert.Equal() Failure
Expected: 1
Actual:   100</Message>
          <StackTrace>   at Tyrannoport.Tests.UnitTest1.TesFailtName() in /home/will/Repositories/Tyrannoportus/test/Tyrannoport.Tests/UnitTest1.cs:line 17</StackTrace>
        </ErrorInfo>
      </Output>
    </UnitTestResult>
  </Results>
  <TestDefinitions>
    <UnitTest name="Tyrannoport.Tests.UnitTest1.Test1" storage="/home/will/repositories/Tyrannoportus/test/Tyrannoport.tests/bin/debug/net5.0/Tyrannoport.tests.dll" id="840b99e7-6a8c-d4d6-13a1-dd76729c8e95">
      <Execution id="25677375-d919-467a-b231-d25c56cb53bf" />
      <TestMethod codeBase="/home/will/Repositories/Tyrannoportus/test/Tyrannoport.Tests/bin/Debug/net5.0/Tyrannoport.Tests.dll" adapterTypeName="executor://xunit/VsTestRunner2/netcoreapp" className="Tyrannoport.Tests.UnitTest1" name="Test1" />
    </UnitTest>
    <UnitTest name="Tyrannoport.Tests.UnitTest1.TesFailtName" storage="/home/will/repositories/Tyrannoportus/test/Tyrannoport.tests/bin/debug/net5.0/Tyrannoport.tests.dll" id="2051dd96-f3a8-e686-e9c2-6471b9e8e1f4">
      <Execution id="1716011d-1d8c-4457-afce-5f413736491a" />
      <TestMethod codeBase="/home/will/Repositories/Tyrannoportus/test/Tyrannoport.Tests/bin/Debug/net5.0/Tyrannoport.Tests.dll" adapterTypeName="executor://xunit/VsTestRunner2/netcoreapp" className="Tyrannoport.Tests.UnitTest1" name="TesFailtName" />
    </UnitTest>
  </TestDefinitions>
  <TestEntries>
    <TestEntry testId="840b99e7-6a8c-d4d6-13a1-dd76729c8e95" executionId="25677375-d919-467a-b231-d25c56cb53bf" testListId="8c84fa94-04c1-424b-9868-57a2d4851a1d" />
    <TestEntry testId="2051dd96-f3a8-e686-e9c2-6471b9e8e1f4" executionId="1716011d-1d8c-4457-afce-5f413736491a" testListId="8c84fa94-04c1-424b-9868-57a2d4851a1d" />
  </TestEntries>
  <TestLists>
    <TestList name="Results Not in a List" id="8c84fa94-04c1-424b-9868-57a2d4851a1d" />
    <TestList name="All Loaded Results" id="19431567-8539-422a-85d7-44ee4e166bda" />
  </TestLists>
  <ResultSummary outcome="Failed">
    <Counters total="2" executed="2" passed="1" failed="1" error="0" timeout="0" aborted="0" inconclusive="0" passedButRunAborted="0" notRunnable="0" notExecuted="0" disconnected="0" warning="0" completed="0" inProgress="0" pending="0" />
    <Output>
      <StdOut>[xUnit.net 00:00:00.00] xUnit.net VSTest Adapter v2.4.3+1b45f5407b (64-bit .NET 5.0.7)
[xUnit.net 00:00:00.31]   Discovering: Tyrannoport.Tests
[xUnit.net 00:00:00.34]   Discovered:  Tyrannoport.Tests
[xUnit.net 00:00:00.34]   Starting:    Tyrannoport.Tests
[xUnit.net 00:00:00.42]       Assert.Equal() Failure
[xUnit.net 00:00:00.42]       Expected: 1
[xUnit.net 00:00:00.42]       Actual:   100
[xUnit.net 00:00:00.42]       Stack Trace:
[xUnit.net 00:00:00.42]         /home/will/Repositories/Tyrannoportus/test/Tyrannoport.Tests/UnitTest1.cs(17,0): at Tyrannoport.Tests.UnitTest1.TesFailtName()
[xUnit.net 00:00:00.43]   Finished:    Tyrannoport.Tests
</StdOut>
    </Output>
    <RunInfos>
      <RunInfo computerName="fedora" outcome="Error" timestamp="2021-07-15T18:47:19.4467388+01:00">
        <Text>[xUnit.net 00:00:00.42]     Tyrannoport.Tests.UnitTest1.TesFailtName [FAIL]</Text>
      </RunInfo>
    </RunInfos>
  </ResultSummary>
</TestRun>